\BOOKMARK [1][-]{section.1}{\376\377\000I\000n\000t\000r\000o\000d\000u\000c\000c\000i\000\363\000n}{}% 1
\BOOKMARK [1][-]{section.2}{\376\377\000M\000o\000d\000e\000l\000o\000\040\000M\000a\000t\000e\000m\000\341\000t\000i\000c\000o}{}% 2
\BOOKMARK [1][-]{section.3}{\376\377\000C\000o\000n\000t\000r\000o\000l\000a\000d\000o\000r}{}% 3
\BOOKMARK [1][-]{section.4}{\376\377\000R\000e\000s\000u\000l\000t\000a\000d\000o\000s}{}% 4
\BOOKMARK [2][-]{subsection.4.1}{\376\377\000A\000n\000\341\000l\000i\000s\000i\000s\000\040\000e\000n\000\040\000e\000l\000\040\000d\000o\000m\000i\000n\000i\000o\000\040\000d\000e\000l\000\040\000t\000i\000e\000m\000p\000o}{section.4}% 5
\BOOKMARK [3][-]{subsubsection.4.1.1}{\376\377\000R\000e\000s\000p\000u\000e\000s\000t\000a\000\040\000a\000l\000\040\000E\000s\000c\000a\000l\000\363\000n\000\040\000d\000e\000\040\000P\000o\000s\000i\000c\000i\000\363\000n\000\040\000\050\000X\000,\000\040\000Y\000,\000\040\000Z\000\051}{subsection.4.1}% 6
\BOOKMARK [3][-]{subsubsection.4.1.2}{\376\377\000R\000e\000s\000p\000u\000e\000s\000t\000a\000\040\000a\000l\000\040\000E\000s\000c\000a\000l\000\363\000n\000\040\000d\000e\000\040\000A\000c\000t\000i\000t\000u\000d\000\040\000\050\000,\000\040\000,\000\040\000\051}{subsection.4.1}% 7
\BOOKMARK [3][-]{subsubsection.4.1.3}{\376\377\000E\000f\000e\000c\000t\000o\000\040\000d\000e\000\040\000l\000a\000\040\000V\000a\000r\000i\000a\000c\000i\000\363\000n\000\040\000d\000e\000\040\000P\000a\000r\000\341\000m\000e\000t\000r\000o\000s}{subsection.4.1}% 8
\BOOKMARK [3][-]{subsubsection.4.1.4}{\376\377\000R\000e\000s\000p\000u\000e\000s\000t\000a\000\040\000a\000l\000\040\000I\000m\000p\000u\000l\000s\000o\000\040\000d\000e\000\040\000P\000o\000s\000i\000c\000i\000\363\000n\000\040\000\050\000P\000e\000r\000t\000u\000r\000b\000a\000c\000i\000\363\000n\000\051}{subsection.4.1}% 9
\BOOKMARK [3][-]{subsubsection.4.1.5}{\376\377\000R\000e\000s\000p\000u\000e\000s\000t\000a\000\040\000a\000l\000\040\000I\000m\000p\000u\000l\000s\000o\000\040\000d\000e\000\040\000A\000c\000t\000i\000t\000u\000d\000\040\000\050\000P\000e\000r\000t\000u\000r\000b\000a\000c\000i\000\363\000n\000\051}{subsection.4.1}% 10
\BOOKMARK [3][-]{subsubsection.4.1.6}{\376\377\000E\000f\000e\000c\000t\000o\000\040\000e\000n\000\040\000l\000a\000\040\000U\000b\000i\000c\000a\000c\000i\000\363\000n\000\040\000d\000e\000\040\000P\000o\000l\000o\000s\000\040\000y\000\040\000C\000e\000r\000o\000s}{subsection.4.1}% 11
\BOOKMARK [2][-]{subsection.4.2}{\376\377\000A\000n\000\341\000l\000i\000s\000i\000s\000\040\000e\000n\000\040\000e\000l\000\040\000d\000o\000m\000i\000n\000i\000o\000\040\000d\000e\000\040\000l\000a\000\040\000f\000r\000e\000c\000u\000e\000n\000c\000i\000a}{section.4}% 12
\BOOKMARK [3][-]{subsubsection.4.2.1}{\376\377\000F\000r\000e\000c\000u\000e\000n\000c\000i\000a\000s\000\040\000d\000e\000\040\000R\000e\000s\000o\000n\000a\000n\000c\000i\000a}{subsection.4.2}% 13
\BOOKMARK [3][-]{subsubsection.4.2.2}{\376\377\000D\000i\000a\000g\000r\000a\000m\000a\000s\000\040\000d\000e\000\040\000B\000o\000d\000e\000\040\000d\000e\000\040\000P\000o\000s\000i\000c\000i\000\363\000n\000\040\000\050\000X\000/\000N\000y\000,\000\040\000Y\000/\000N\000x\000,\000\040\000Z\000/\000T\000\051}{subsection.4.2}% 14
\BOOKMARK [3][-]{subsubsection.4.2.3}{\376\377\000D\000i\000a\000g\000r\000a\000m\000a\000s\000\040\000d\000e\000\040\000B\000o\000d\000e\000\040\000d\000e\000\040\000O\000r\000i\000e\000n\000t\000a\000c\000i\000\363\000n\000\040\000\050\000/\000N\000x\000,\000\040\000/\000N\000y\000,\000\040\000/\000N\000z\000\051}{subsection.4.2}% 15
\BOOKMARK [3][-]{subsubsection.4.2.4}{\376\377\000C\000r\000i\000t\000e\000r\000i\000o\000\040\000d\000e\000\040\000E\000s\000t\000a\000b\000i\000l\000i\000d\000a\000d\000\040\000d\000e\000\040\000N\000y\000q\000u\000i\000s\000t}{subsection.4.2}% 16
\BOOKMARK [3][-]{subsubsection.4.2.5}{\376\377\000M\000\341\000r\000g\000e\000n\000e\000s\000\040\000d\000e\000\040\000G\000a\000n\000a\000n\000c\000i\000a\000\040\000y\000\040\000d\000e\000\040\000F\000a\000s\000e}{subsection.4.2}% 17
\BOOKMARK [1][-]{section.5}{\376\377\000C\000o\000n\000t\000r\000o\000l\000a\000d\000o\000r\000\040\000P\000I\000D\000\040\000d\000e\000\040\000t\000r\000a\000y\000e\000c\000t\000o\000r\000i\000a\000\040\000b\000a\000s\000a\000d\000o\000\040\000e\000n\000\040\000s\000i\000m\000u\000l\000a\000c\000i\000o\000n\000e\000s}{}% 18
\BOOKMARK [2][-]{subsection.5.1}{\376\377\000S\000i\000m\000u\000l\000a\000c\000i\000o\000n\000e\000s\000\040\000e\000n\000\040\000M\000A\000T\000L\000A\000B\000/\000S\000i\000m\000u\000l\000i\000n\000k\000:\000\040\000m\000o\000d\000e\000l\000o\000\040\000l\000i\000n\000e\000a\000l\000\040\0001\000D}{section.5}% 19
\BOOKMARK [2][-]{subsection.5.2}{\376\377\000S\000i\000m\000u\000l\000a\000c\000i\000o\000n\000e\000s\000\040\000e\000n\000\040\000P\000y\000t\000h\000o\000n\000:\000\040\000m\000o\000d\000e\000l\000o\000\040\000l\000i\000n\000e\000a\000l\000\040\000c\000o\000m\000p\000l\000e\000t\000o}{section.5}% 20
\BOOKMARK [3][-]{subsubsection.5.2.1}{\376\377\000R\000e\000s\000u\000l\000t\000a\000d\000o\000s\000\040\000p\000a\000r\000a\000\040\000l\000a\000\040\000t\000r\000a\000y\000e\000c\000t\000o\000r\000i\000a\000\040\000h\000e\000l\000i\000c\000o\000i\000d\000a\000l\000\040\000\050\000e\000s\000p\000i\000r\000a\000l\000\051}{subsection.5.2}% 21
\BOOKMARK [3][-]{subsubsection.5.2.2}{\376\377\000R\000e\000s\000u\000l\000t\000a\000d\000o\000s\000\040\000p\000a\000r\000a\000\040\000l\000a\000\040\000t\000r\000a\000y\000e\000c\000t\000o\000r\000i\000a\000\040\000c\000i\000r\000c\000u\000l\000a\000r}{subsection.5.2}% 22
\BOOKMARK [2][-]{subsection.5.3}{\376\377\000C\000o\000m\000p\000a\000r\000a\000c\000i\000\363\000n\000\040\000d\000e\000\040\000a\000m\000b\000o\000s\000\040\000e\000n\000f\000o\000q\000u\000e\000s}{section.5}% 23
\BOOKMARK [1][-]{section.6}{\376\377\000C\000o\000n\000c\000l\000u\000s\000i\000o\000n\000e\000s}{}% 24
\BOOKMARK [1][-]{section.7}{\376\377\000F\000u\000t\000u\000r\000o\000\040\000d\000e\000l\000\040\000p\000r\000o\000y\000e\000c\000t\000o}{}% 25
