This is pdfTeX, Version 3.141592653-2.6-1.40.25 (TeX Live 2023/Debian) (preloaded format=pdflatex 2025.3.8)  6 DEC 2025 00:46
entering extended mode
 restricted \write18 enabled.
 file:line:error style messages enabled.
 %&-line parsing enabled.
**/home/hernan-barquero/Desktop/Codigos/PhiS/quadcopter/paper/main.tex
(/home/hernan-barquero/Desktop/Codigos/PhiS/quadcopter/paper/main.tex
LaTeX2e <2023-11-01> patch level 1
L3 programming layer <2024-01-22>
(/usr/share/texlive/texmf-dist/tex/latex/elsarticle/elsarticle.cls
Document Class: elsarticle 2020/11/20, 3.3: Elsevier Ltd
(/usr/share/texlive/texmf-dist/tex/latex/l3kernel/expl3.sty
Package: expl3 2024-01-22 L3 programming layer (loader) 
 (/usr/share/texlive/texmf-dist/tex/latex/l3backend/l3backend-pdftex.def
File: l3backend-pdftex.def 2024-01-04 L3 backend support: PDF output (pdfTeX)
\l__color_backend_stack_int=\count187
\l__pdf_internal_box=\box51
)) (/usr/share/texlive/texmf-dist/tex/latex/l3packages/xparse/xparse.sty
Package: xparse 2023-10-10 L3 Experimental document command parser
) (/usr/share/texlive/texmf-dist/tex/latex/etoolbox/etoolbox.sty
Package: etoolbox 2020/10/05 v2.5k e-TeX tools for LaTeX (JAW)
\etb@tempcnta=\count188
)
\@bls=\dimen140
 (/usr/share/texlive/texmf-dist/tex/latex/base/article.cls
Document Class: article 2023/05/17 v1.4n Standard LaTeX document class
(/usr/share/texlive/texmf-dist/tex/latex/base/size10.clo
File: size10.clo 2023/05/17 v1.4n Standard LaTeX file (size option)
)
\c@part=\count189
\c@section=\count190
\c@subsection=\count191
\c@subsubsection=\count192
\c@paragraph=\count193
\c@subparagraph=\count194
\c@figure=\count195
\c@table=\count196
\abovecaptionskip=\skip48
\belowcaptionskip=\skip49
\bibindent=\dimen141
) (/usr/share/texlive/texmf-dist/tex/latex/graphics/graphicx.sty
Package: graphicx 2021/09/16 v1.2d Enhanced LaTeX Graphics (DPC,SPQR)
 (/usr/share/texlive/texmf-dist/tex/latex/graphics/keyval.sty
Package: keyval 2022/05/29 v1.15 key=value parser (DPC)
\KV@toks@=\toks17
) (/usr/share/texlive/texmf-dist/tex/latex/graphics/graphics.sty
Package: graphics 2022/03/10 v1.4e Standard LaTeX Graphics (DPC,SPQR)
 (/usr/share/texlive/texmf-dist/tex/latex/graphics/trig.sty
Package: trig 2021/08/11 v1.11 sin cos tan (DPC)
) (/usr/share/texlive/texmf-dist/tex/latex/graphics-cfg/graphics.cfg
File: graphics.cfg 2016/06/04 v1.11 sample graphics configuration
)
Package graphics Info: Driver file: pdftex.def on input line 107.
 (/usr/share/texlive/texmf-dist/tex/latex/graphics-def/pdftex.def
File: pdftex.def 2022/09/22 v1.2b Graphics/color driver for pdftex
))
\Gin@req@height=\dimen142
\Gin@req@width=\dimen143
)
\c@tnote=\count197
\c@fnote=\count198
\c@cnote=\count199
\c@ead=\count266
\c@author=\count267
\@eadauthor=\toks18
\c@affn=\count268
\absbox=\box52
\elsarticlehighlightsbox=\box53
\elsarticlegrabsbox=\box54
\keybox=\box55
\Columnwidth=\dimen144
\space@left=\dimen145
\els@boxa=\box56
\els@boxb=\box57
\leftMargin=\dimen146
\@enLab=\toks19
\@sep=\skip50
\@@sep=\skip51
 (./main.spl) (/usr/share/texlive/texmf-dist/tex/latex/natbib/natbib.sty
Package: natbib 2010/09/13 8.31b (PWD, AO)
\bibhang=\skip52
\bibsep=\skip53
LaTeX Info: Redefining \cite on input line 694.
\c@NAT@ctr=\count269
)
\splwrite=\write3
\openout3 = `main.spl'.

 (/usr/share/texlive/texmf-dist/tex/latex/geometry/geometry.sty
Package: geometry 2020/01/02 v5.9 Page Geometry
 (/usr/share/texlive/texmf-dist/tex/generic/iftex/ifvtex.sty
Package: ifvtex 2019/10/25 v1.7 ifvtex legacy package. Use iftex instead.
 (/usr/share/texlive/texmf-dist/tex/generic/iftex/iftex.sty
Package: iftex 2022/02/03 v1.0f TeX engine tests
))
\Gm@cnth=\count270
\Gm@cntv=\count271
\c@Gm@tempcnt=\count272
\Gm@bindingoffset=\dimen147
\Gm@wd@mp=\dimen148
\Gm@odd@mp=\dimen149
\Gm@even@mp=\dimen150
\Gm@layoutwidth=\dimen151
\Gm@layoutheight=\dimen152
\Gm@layouthoffset=\dimen153
\Gm@layoutvoffset=\dimen154
\Gm@dimlist=\toks20
) (/usr/share/texlive/texmf-dist/tex/latex/base/fleqn.clo
File: fleqn.clo 2016/12/29 v1.2b Standard LaTeX option (flush left equations)
\mathindent=\skip54
Applying: [2015/01/01] Make \[ robust on input line 50.
LaTeX Info: Redefining \[ on input line 51.
Already applied: [0000/00/00] Make \[ robust on input line 62.
Applying: [2015/01/01] Make \] robust on input line 74.
LaTeX Info: Redefining \] on input line 75.
Already applied: [0000/00/00] Make \] robust on input line 83.
)
\appnamewidth=\dimen155
) (/usr/share/texlive/texmf-dist/tex/latex/base/inputenc.sty
Package: inputenc 2021/02/14 v1.3d Input encoding file
\inpenc@prehook=\toks21
\inpenc@posthook=\toks22
) (/usr/share/texlive/texmf-dist/tex/latex/base/fontenc.sty
Package: fontenc 2021/04/29 v2.0v Standard LaTeX package
) (/usr/share/texlive/texmf-dist/tex/generic/babel/babel.sty
Package: babel 2024/01/07 v24.1 The Babel package
\babel@savecnt=\count273
\U@D=\dimen156
\l@unhyphenated=\language89
 (/usr/share/texlive/texmf-dist/tex/generic/babel/txtbabel.def)
\bbl@readstream=\read2
\bbl@dirlevel=\count274
 (/usr/share/texlive/texmf-dist/tex/generic/babel-spanish/spanish.ldf
Language: spanish.ldf 2021/05/27 v5.0q Spanish support from the babel system
\es@quottoks=\toks23
\es@quotdepth=\count275
Package babel Info: Making " an active character on input line 570.
Package babel Info: Making . an active character on input line 675.
Package babel Info: Making < an active character on input line 722.
Package babel Info: Making > an active character on input line 722.
)) (/usr/share/texlive/texmf-dist/tex/generic/babel/locale/es/babel-spanish.tex
Package babel Info: Importing font and identification data for spanish
(babel)             from babel-es.ini. Reported on input line 11.
) (/usr/share/texlive/texmf-dist/tex/latex/amsmath/amsmath.sty
Package: amsmath 2023/05/13 v2.17o AMS math features
\@mathmargin=\skip55

For additional information on amsmath, use the `?' option.
(/usr/share/texlive/texmf-dist/tex/latex/amsmath/amstext.sty
Package: amstext 2021/08/26 v2.01 AMS text
 (/usr/share/texlive/texmf-dist/tex/latex/amsmath/amsgen.sty
File: amsgen.sty 1999/11/30 v2.0 generic functions
\@emptytoks=\toks24
\ex@=\dimen157
)) (/usr/share/texlive/texmf-dist/tex/latex/amsmath/amsbsy.sty
Package: amsbsy 1999/11/29 v1.2d Bold Symbols
\pmbraise@=\dimen158
) (/usr/share/texlive/texmf-dist/tex/latex/amsmath/amsopn.sty
Package: amsopn 2022/04/08 v2.04 operator names
)
\inf@bad=\count276
LaTeX Info: Redefining \frac on input line 234.
\uproot@=\count277
\leftroot@=\count278
LaTeX Info: Redefining \overline on input line 399.
LaTeX Info: Redefining \colon on input line 410.
\classnum@=\count279
\DOTSCASE@=\count280
LaTeX Info: Redefining \ldots on input line 496.
LaTeX Info: Redefining \dots on input line 499.
LaTeX Info: Redefining \cdots on input line 620.
\Mathstrutbox@=\box58
\strutbox@=\box59
LaTeX Info: Redefining \big on input line 722.
LaTeX Info: Redefining \Big on input line 723.
LaTeX Info: Redefining \bigg on input line 724.
LaTeX Info: Redefining \Bigg on input line 725.
\big@size=\dimen159
LaTeX Font Info:    Redeclaring font encoding OML on input line 743.
LaTeX Font Info:    Redeclaring font encoding OMS on input line 744.
\macc@depth=\count281
LaTeX Info: Redefining \bmod on input line 905.
LaTeX Info: Redefining \pmod on input line 910.
LaTeX Info: Redefining \smash on input line 940.
LaTeX Info: Redefining \relbar on input line 970.
LaTeX Info: Redefining \Relbar on input line 971.
\c@MaxMatrixCols=\count282
\dotsspace@=\muskip16
\c@parentequation=\count283
\dspbrk@lvl=\count284
\tag@help=\toks25
\row@=\count285
\column@=\count286
\maxfields@=\count287
\andhelp@=\toks26
\eqnshift@=\dimen160
\alignsep@=\dimen161
\tagshift@=\dimen162
\tagwidth@=\dimen163
\totwidth@=\dimen164
\lineht@=\dimen165
\@envbody=\toks27
\multlinegap=\skip56
\multlinetaggap=\skip57
\mathdisplay@stack=\toks28
LaTeX Info: Redefining \[ on input line 2953.
LaTeX Info: Redefining \] on input line 2954.
) (/usr/share/texlive/texmf-dist/tex/latex/amsfonts/amssymb.sty
Package: amssymb 2013/01/14 v3.01 AMS font symbols
 (/usr/share/texlive/texmf-dist/tex/latex/amsfonts/amsfonts.sty
Package: amsfonts 2013/01/14 v3.01 Basic AMSFonts support
\symAMSa=\mathgroup4
\symAMSb=\mathgroup5
LaTeX Font Info:    Redeclaring math symbol \hbar on input line 98.
LaTeX Font Info:    Overwriting math alphabet `\mathfrak' in version `bold'
(Font)                  U/euf/m/n --> U/euf/b/n on input line 106.
)) (/usr/share/texlive/texmf-dist/tex/latex/float/float.sty
Package: float 2001/11/08 v1.3d Float enhancements (AL)
\c@float@type=\count288
\float@exts=\toks29
\float@box=\box60
\@float@everytoks=\toks30
\@floatcapt=\box61
) (/usr/share/texlive/texmf-dist/tex/latex/hyperref/hyperref.sty
Package: hyperref 2024-01-20 v7.01h Hypertext links for LaTeX
 (/usr/share/texlive/texmf-dist/tex/latex/kvsetkeys/kvsetkeys.sty
Package: kvsetkeys 2022-10-05 v1.19 Key value parser (HO)
) (/usr/share/texlive/texmf-dist/tex/generic/kvdefinekeys/kvdefinekeys.sty
Package: kvdefinekeys 2019-12-19 v1.6 Define keys (HO)
) (/usr/share/texlive/texmf-dist/tex/generic/pdfescape/pdfescape.sty
Package: pdfescape 2019/12/09 v1.15 Implements pdfTeX's escape features (HO)
 (/usr/share/texlive/texmf-dist/tex/generic/ltxcmds/ltxcmds.sty
Package: ltxcmds 2023-12-04 v1.26 LaTeX kernel commands for general use (HO)
) (/usr/share/texlive/texmf-dist/tex/generic/pdftexcmds/pdftexcmds.sty
Package: pdftexcmds 2020-06-27 v0.33 Utility functions of pdfTeX for LuaTeX (HO)
 (/usr/share/texlive/texmf-dist/tex/generic/infwarerr/infwarerr.sty
Package: infwarerr 2019/12/03 v1.5 Providing info/warning/error messages (HO)
)
Package pdftexcmds Info: \pdf@primitive is available.
Package pdftexcmds Info: \pdf@ifprimitive is available.
Package pdftexcmds Info: \pdfdraftmode found.
)) (/usr/share/texlive/texmf-dist/tex/latex/hycolor/hycolor.sty
Package: hycolor 2020-01-27 v1.10 Color options for hyperref/bookmark (HO)
) (/usr/share/texlive/texmf-dist/tex/latex/auxhook/auxhook.sty
Package: auxhook 2019-12-17 v1.6 Hooks for auxiliary files (HO)
) (/usr/share/texlive/texmf-dist/tex/latex/hyperref/nameref.sty
Package: nameref 2023-11-26 v2.56 Cross-referencing by name of section
 (/usr/share/texlive/texmf-dist/tex/latex/refcount/refcount.sty
Package: refcount 2019/12/15 v3.6 Data extraction from label references (HO)
) (/usr/share/texlive/texmf-dist/tex/generic/gettitlestring/gettitlestring.sty
Package: gettitlestring 2019/12/15 v1.6 Cleanup title references (HO)
 (/usr/share/texlive/texmf-dist/tex/latex/kvoptions/kvoptions.sty
Package: kvoptions 2022-06-15 v3.15 Key value format for package options (HO)
))
\c@section@level=\count289
)
\@linkdim=\dimen166
\Hy@linkcounter=\count290
\Hy@pagecounter=\count291
 (/usr/share/texlive/texmf-dist/tex/latex/hyperref/pd1enc.def
File: pd1enc.def 2024-01-20 v7.01h Hyperref: PDFDocEncoding definition (HO)
Now handling font encoding PD1 ...
... no UTF-8 mapping file for font encoding PD1
) (/usr/share/texlive/texmf-dist/tex/generic/intcalc/intcalc.sty
Package: intcalc 2019/12/15 v1.3 Expandable calculations with integers (HO)
)
\Hy@SavedSpaceFactor=\count292
 (/usr/share/texlive/texmf-dist/tex/latex/hyperref/puenc.def
File: puenc.def 2024-01-20 v7.01h Hyperref: PDF Unicode definition (HO)
Now handling font encoding PU ...
... no UTF-8 mapping file for font encoding PU
)
Package hyperref Info: Option `final' set `true' on input line 4062.
Package hyperref Info: Hyper figures OFF on input line 4179.
Package hyperref Info: Link nesting OFF on input line 4184.
Package hyperref Info: Hyper index ON on input line 4187.
Package hyperref Info: Plain pages OFF on input line 4194.
Package hyperref Info: Backreferencing OFF on input line 4199.
Package hyperref Info: Implicit mode ON; LaTeX internals redefined.
Package hyperref Info: Bookmarks ON on input line 4446.
\c@Hy@tempcnt=\count293
 (/usr/share/texlive/texmf-dist/tex/latex/url/url.sty
\Urlmuskip=\muskip17
Package: url 2013/09/16  ver 3.4  Verb mode for urls, etc.
)
LaTeX Info: Redefining \url on input line 4784.
\XeTeXLinkMargin=\dimen167
 (/usr/share/texlive/texmf-dist/tex/generic/bitset/bitset.sty
Package: bitset 2019/12/09 v1.3 Handle bit-vector datatype (HO)
 (/usr/share/texlive/texmf-dist/tex/generic/bigintcalc/bigintcalc.sty
Package: bigintcalc 2019/12/15 v1.5 Expandable calculations on big integers (HO)
))
\Fld@menulength=\count294
\Field@Width=\dimen168
\Fld@charsize=\dimen169
Package hyperref Info: Hyper figures OFF on input line 6063.
Package hyperref Info: Link nesting OFF on input line 6068.
Package hyperref Info: Hyper index ON on input line 6071.
Package hyperref Info: backreferencing OFF on input line 6078.
Package hyperref Info: Link coloring OFF on input line 6083.
Package hyperref Info: Link coloring with OCG OFF on input line 6088.
Package hyperref Info: PDF/A mode OFF on input line 6093.
 (/usr/share/texlive/texmf-dist/tex/latex/base/atbegshi-ltx.sty
Package: atbegshi-ltx 2021/01/10 v1.0c Emulation of the original atbegshi
package with kernel methods
)
\Hy@abspage=\count295
\c@Item=\count296
\c@Hfootnote=\count297
)
Package hyperref Info: Driver (autodetected): hpdftex.
 (/usr/share/texlive/texmf-dist/tex/latex/hyperref/hpdftex.def
File: hpdftex.def 2024-01-20 v7.01h Hyperref driver for pdfTeX
 (/usr/share/texlive/texmf-dist/tex/latex/base/atveryend-ltx.sty
Package: atveryend-ltx 2020/08/19 v1.0a Emulation of the original atveryend package
with kernel methods
)
\Fld@listcount=\count298
\c@bookmark@seq@number=\count299
 (/usr/share/texlive/texmf-dist/tex/latex/rerunfilecheck/rerunfilecheck.sty
Package: rerunfilecheck 2022-07-10 v1.10 Rerun checks for auxiliary files (HO)
 (/usr/share/texlive/texmf-dist/tex/generic/uniquecounter/uniquecounter.sty
Package: uniquecounter 2019/12/15 v1.4 Provide unlimited unique counter (HO)
)
Package uniquecounter Info: New unique counter `rerunfilecheck' on input line 285.
)
\Hy@SectionHShift=\skip58
) (/usr/share/texlive/texmf-dist/tex/latex/sttools/cuted.sty
Package: cuted 2021/10/04 v2.0 Mixing onecolumn and twocolumn modes
\At@ViperColsBreak=\toks31
\preCutedStrip=\toks32
\postCutedStrip=\toks33
\cuted@@tempbox@a=\box62
\cuted@@tempbox@c=\box63
\cuted@@tempbox@var=\box64
\hold@viper=\box65
\@viper=\box66
\cuted@@varbox@a=\box67
\cuted@@varbox@c=\box68
\cuted@@tempdim@spread=\dimen170
\cuted@@tempdim@a=\dimen171
\cuted@@tempdim@b=\dimen172
\ht@hold@viper=\dimen173
\ht@viper=\dimen174
\var@@pagediscards@ht=\dimen175
\stripsep=\skip59
\viper@penalty=\count300
)

LaTeX Info: File `library.bib' already exists on the system.
            Not generating it from this source.

(./main.aux
LaTeX Info: Redefining \. on input line 17.
LaTeX Info: Redefining \% on input line 17.
)
\openout1 = `main.aux'.

LaTeX Font Info:    Checking defaults for OML/cmm/m/it on input line 51.
LaTeX Font Info:    ... okay on input line 51.
LaTeX Font Info:    Checking defaults for OMS/cmsy/m/n on input line 51.
LaTeX Font Info:    ... okay on input line 51.
LaTeX Font Info:    Checking defaults for OT1/cmr/m/n on input line 51.
LaTeX Font Info:    ... okay on input line 51.
LaTeX Font Info:    Checking defaults for T1/cmr/m/n on input line 51.
LaTeX Font Info:    ... okay on input line 51.
LaTeX Font Info:    Checking defaults for TS1/cmr/m/n on input line 51.
LaTeX Font Info:    ... okay on input line 51.
LaTeX Font Info:    Checking defaults for OMX/cmex/m/n on input line 51.
LaTeX Font Info:    ... okay on input line 51.
LaTeX Font Info:    Checking defaults for U/cmr/m/n on input line 51.
LaTeX Font Info:    ... okay on input line 51.
LaTeX Font Info:    Checking defaults for PD1/pdf/m/n on input line 51.
LaTeX Font Info:    ... okay on input line 51.
LaTeX Font Info:    Checking defaults for PU/pdf/m/n on input line 51.
LaTeX Font Info:    ... okay on input line 51.
 (/usr/share/texlive/texmf-dist/tex/context/base/mkii/supp-pdf.mkii
[Loading MPS to PDF converter (version 2006.09.02).]
\scratchcounter=\count301
\scratchdimen=\dimen176
\scratchbox=\box69
\nofMPsegments=\count302
\nofMParguments=\count303
\everyMPshowfont=\toks34
\MPscratchCnt=\count304
\MPscratchDim=\dimen177
\MPnumerator=\count305
\makeMPintoPDFobject=\count306
\everyMPtoPDFconversion=\toks35
) (/usr/share/texlive/texmf-dist/tex/latex/epstopdf-pkg/epstopdf-base.sty
Package: epstopdf-base 2020-01-24 v2.11 Base part for package epstopdf
Package epstopdf-base Info: Redefining graphics rule for `.eps' on input line 485.
 (/usr/share/texlive/texmf-dist/tex/latex/latexconfig/epstopdf-sys.cfg
File: epstopdf-sys.cfg 2010/07/13 v1.3 Configuration of (r)epstopdf for TeX Live
))
*geometry* driver: auto-detecting
*geometry* detected driver: pdftex
*geometry* verbose mode - [ preamble ] result:
* driver: pdftex
* paper: custom
* layout: <same size as paper>
* layoutoffset:(h,v)=(0.0pt,0.0pt)
* hratio: 1:1
* vratio: 1:1
* modes: 
* h-part:(L,W,R)=(37.75394pt, 522.0pt, 37.75394pt)
* v-part:(T,H,B)=(81.52342pt, 682.0pt, 81.52342pt)
* \paperwidth=597.50787pt
* \paperheight=845.04684pt
* \textwidth=522.0pt
* \textheight=682.0pt
* \oddsidemargin=-34.51605pt
* \evensidemargin=-34.51605pt
* \topmargin=-52.74657pt
* \headheight=50.0pt
* \headsep=12.0pt
* \topskip=10.0pt
* \footskip=18.0pt
* \marginparwidth=65.0pt
* \marginparsep=11.0pt
* \columnsep=18.0pt
* \skip\footins=24.0pt plus 2.0pt minus 12.0pt
* \hoffset=0.0pt
* \voffset=0.0pt
* \mag=1000
* \@twocolumntrue
* \@twosidefalse
* \@mparswitchfalse
* \@reversemarginfalse
* (1in=72.27pt=25.4mm, 1cm=28.453pt)

LaTeX Info: Redefining \. on input line 51.
LaTeX Info: Redefining \% on input line 51.
Package hyperref Info: Link coloring OFF on input line 51.
(./main.out) (./main.out)
\@outlinefile=\write4
\openout4 = `main.out'.

LaTeX Font Info:    Trying to load font information for U+msa on input line 85.
 (/usr/share/texlive/texmf-dist/tex/latex/amsfonts/umsa.fd
File: umsa.fd 2013/01/14 v3.01 AMS symbols A
)
LaTeX Font Info:    Trying to load font information for U+msb on input line 85.
 (/usr/share/texlive/texmf-dist/tex/latex/amsfonts/umsb.fd
File: umsb.fd 2013/01/14 v3.01 AMS symbols B
)
LaTeX Font Info:    Trying to load font information for T1+cmtt on input line 85.
 (/usr/share/texlive/texmf-dist/tex/latex/base/t1cmtt.fd
File: t1cmtt.fd 2023/04/13 v2.5m Standard LaTeX font definitions
)
<imagenes/quadcopter_example.png, id=106, 365.365pt x 285.065pt>
File: imagenes/quadcopter_example.png Graphic file (type png)
<use imagenes/quadcopter_example.png>
Package pdftex.def Info: imagenes/quadcopter_example.png  used on input line 108.
(pdftex.def)             Requested size: 226.79846pt x 176.9516pt.

Underfull \hbox (badness 10000) has occurred while \output is active
[]
 []

[1{/var/lib/texmf/fonts/map/pdftex/updmap/pdftex.map}{/usr/share/texmf/fonts/enc/dvips/cm-super/cm-super-t1.enc}


 <./imagenes/quadcopter_example.png>]
Overfull \hbox (8.22037pt too wide) in paragraph at lines 121--122
[]\T1/cmr/m/n/10 Se con-si-de-ran uni-ca-men-te as-pec-tos me-cá-ni-cos del dron. 
 []

CUTED [- LAST -]
Extra skip:0.0pt
Left:637.27574pt/15.50017pt
Right:600.88126pt/0.0pt
Split: 625.32858pt
Output:625.32858pt
Pageshrink: 0.0pt
Pagestretch: 0.0pt
@colht:682.0pt
CUTED [output]: 625.32858pt
CUTED [leftcolumn badness]: 37
CUTED [rightcolumn badness]: 31

LaTeX Warning: Optional argument of \twocolumn too tall on page 2(2column).


Overfull \vbox (30.45813pt too high) has occurred while \output is active []



LaTeX Warning: Text page 2 contains only floats.


Overfull \vbox (30.45813pt too high) has occurred while \output is active []

 [2]
CUTED [- LAST -]
Extra skip:0.0pt
Left:0.0pt/0.0pt
Right:0.0pt/0.0pt
Split: 0.0pt
Output:0.0pt
Pageshrink: 0.0pt
Pagestretch: 0.0pt
@colht:682.0pt
CUTED [output]: 0.0pt
CUTED [leftcolumn badness]: 0
CUTED [rightcolumn badness]: 0

Underfull \hbox (badness 10000) in paragraph at lines 276--278

 []


Overfull \hbox (9.54962pt too wide) detected at line 320
[][][][][]
 []

[3]
Overfull \hbox (3.04109pt too wide) detected at line 369
[][][]\OML/cmm/m/it/10 A \OT1/cmr/m/n/10 = []
 []

[4]

Package hyperref Warning: Token not allowed in a PDF string (Unicode):
(hyperref)                removing `math shift' on input line 428.


Package hyperref Warning: Token not allowed in a PDF string (Unicode):
(hyperref)                removing `math shift' on input line 428.

<imagenes/IMG-20251205-WA0026.jpg, id=232, 1606.0pt x 491.8375pt>
File: imagenes/IMG-20251205-WA0026.jpg Graphic file (type jpg)
<use imagenes/IMG-20251205-WA0026.jpg>
Package pdftex.def Info: imagenes/IMG-20251205-WA0026.jpg  used on input line 434.
(pdftex.def)             Requested size: 264.60077pt x 81.0296pt.

Overfull \hbox (12.60077pt too wide) in paragraph at lines 434--435
 [][] 
 []


Package hyperref Warning: Token not allowed in a PDF string (Unicode):
(hyperref)                removing `math shift' on input line 445.


Package hyperref Warning: Token not allowed in a PDF string (Unicode):
(hyperref)                removing `\phi' on input line 445.


Package hyperref Warning: Token not allowed in a PDF string (Unicode):
(hyperref)                removing `\theta' on input line 445.


Package hyperref Warning: Token not allowed in a PDF string (Unicode):
(hyperref)                removing `\psi' on input line 445.


Package hyperref Warning: Token not allowed in a PDF string (Unicode):
(hyperref)                removing `math shift' on input line 445.

<imagenes/step_responses_orientation.png, id=234, 1068.3915pt x 342.3189pt>
File: imagenes/step_responses_orientation.png Graphic file (type png)
<use imagenes/step_responses_orientation.png>
Package pdftex.def Info: imagenes/step_responses_orientation.png  used on input line 451.
(pdftex.def)             Requested size: 264.60077pt x 84.78033pt.

Overfull \hbox (12.60077pt too wide) in paragraph at lines 451--452
 [][] 
 []

<imagenes/WhatsApp Image 2025-12-03 at 19.52.12.jpeg, id=236, 1154.3125pt x 348.30125pt>
File: imagenes/WhatsApp Image 2025-12-03 at 19.52.12.jpeg Graphic file (type jpg)
<use imagenes/WhatsApp Image 2025-12-03 at 19.52.12.jpeg>
Package pdftex.def Info: imagenes/WhatsApp Image 2025-12-03 at 19.52.12.jpeg  used on input line 477.
(pdftex.def)             Requested size: 252.0pt x 76.03658pt.
<imagenes/WhatsApp Image 2025-12-04 at 21.24.33.jpeg, id=239, 1161.33875pt x 387.4475pt>
File: imagenes/WhatsApp Image 2025-12-04 at 21.24.33.jpeg Graphic file (type jpg)
<use imagenes/WhatsApp Image 2025-12-04 at 21.24.33.jpeg>
Package pdftex.def Info: imagenes/WhatsApp Image 2025-12-04 at 21.24.33.jpeg  used on input line 490.
(pdftex.def)             Requested size: 264.60077pt x 88.27745pt.

Overfull \hbox (12.60077pt too wide) in paragraph at lines 490--491
 [][] 
 []


LaTeX Warning: `!h' float specifier changed to `!ht'.

[5 <./imagenes/IMG-20251205-WA0026.jpg> <./imagenes/step_responses_orientation.png> <./imagenes/WhatsApp Image 2025-12-03 at 19.52.12.jpeg>]
<imagenes/pole_zero_plot_position.png, id=255, 1067.9097pt x 397.7259pt>
File: imagenes/pole_zero_plot_position.png Graphic file (type png)
<use imagenes/pole_zero_plot_position.png>
Package pdftex.def Info: imagenes/pole_zero_plot_position.png  used on input line 515.
(pdftex.def)             Requested size: 252.0pt x 93.84793pt.

Overfull \hbox (13.3058pt too wide) in paragraph at lines 522--523
[]\T1/cmr/m/n/10 El po-lo del mo-de-lo li-ge-ro ($[]$) se ubi-ca en $[]$,
 []


Overfull \hbox (20.15717pt too wide) in paragraph at lines 523--524
[]\T1/cmr/m/n/10 El po-lo del mo-de-lo pe-sa-do ($[]$) se ubi-ca en $[]$,
 []


Package hyperref Warning: Token not allowed in a PDF string (Unicode):
(hyperref)                removing `math shift' on input line 542.


Package hyperref Warning: Token not allowed in a PDF string (Unicode):
(hyperref)                removing `subscript' on input line 542.


Package hyperref Warning: Token not allowed in a PDF string (Unicode):
(hyperref)                removing `math shift' on input line 542.


Package hyperref Warning: Token not allowed in a PDF string (Unicode):
(hyperref)                removing `math shift' on input line 542.


Package hyperref Warning: Token not allowed in a PDF string (Unicode):
(hyperref)                removing `subscript' on input line 542.


Package hyperref Warning: Token not allowed in a PDF string (Unicode):
(hyperref)                removing `math shift' on input line 542.


Package hyperref Warning: Token not allowed in a PDF string (Unicode):
(hyperref)                removing `math shift' on input line 542.


Package hyperref Warning: Token not allowed in a PDF string (Unicode):
(hyperref)                removing `math shift' on input line 542.

<imagenes/WhatsApp Image 2025-12-03 at 19.52.45.jpeg, id=260, 1136.245pt x 594.22pt>
File: imagenes/WhatsApp Image 2025-12-03 at 19.52.45.jpeg Graphic file (type jpg)
<use imagenes/WhatsApp Image 2025-12-03 at 19.52.45.jpeg>
Package pdftex.def Info: imagenes/WhatsApp Image 2025-12-03 at 19.52.45.jpeg  used on input line 548.
(pdftex.def)             Requested size: 252.0pt x 131.78058pt.
[6 <./imagenes/WhatsApp Image 2025-12-04 at 21.24.33.jpeg> <./imagenes/pole_zero_plot_position.png> <./imagenes/WhatsApp Image 2025-12-03 at 19.52.45.jpeg>]

Package hyperref Warning: Token not allowed in a PDF string (Unicode):
(hyperref)                removing `math shift' on input line 558.


Package hyperref Warning: Token not allowed in a PDF string (Unicode):
(hyperref)                removing `\phi' on input line 558.


Package hyperref Warning: Token not allowed in a PDF string (Unicode):
(hyperref)                removing `subscript' on input line 558.


Package hyperref Warning: Token not allowed in a PDF string (Unicode):
(hyperref)                removing `math shift' on input line 558.


Package hyperref Warning: Token not allowed in a PDF string (Unicode):
(hyperref)                removing `math shift' on input line 558.


Package hyperref Warning: Token not allowed in a PDF string (Unicode):
(hyperref)                removing `\theta' on input line 558.


Package hyperref Warning: Token not allowed in a PDF string (Unicode):
(hyperref)                removing `subscript' on input line 558.


Package hyperref Warning: Token not allowed in a PDF string (Unicode):
(hyperref)                removing `math shift' on input line 558.


Package hyperref Warning: Token not allowed in a PDF string (Unicode):
(hyperref)                removing `math shift' on input line 558.


Package hyperref Warning: Token not allowed in a PDF string (Unicode):
(hyperref)                removing `\psi' on input line 558.


Package hyperref Warning: Token not allowed in a PDF string (Unicode):
(hyperref)                removing `subscript' on input line 558.


Package hyperref Warning: Token not allowed in a PDF string (Unicode):
(hyperref)                removing `math shift' on input line 558.

<imagenes/WhatsApp Image 2025-12-03 at 19.53.08.jpeg, id=276, 1131.22626pt x 599.23875pt>
File: imagenes/WhatsApp Image 2025-12-03 at 19.53.08.jpeg Graphic file (type jpg)
<use imagenes/WhatsApp Image 2025-12-03 at 19.53.08.jpeg>
Package pdftex.def Info: imagenes/WhatsApp Image 2025-12-03 at 19.53.08.jpeg  used on input line 564.
(pdftex.def)             Requested size: 252.0pt x 133.48793pt.
<imagenes/WhatsApp Image 2025-12-03 at 19.53.26.jpeg, id=279, 1146.2825pt x 448.67625pt>
File: imagenes/WhatsApp Image 2025-12-03 at 19.53.26.jpeg Graphic file (type jpg)
<use imagenes/WhatsApp Image 2025-12-03 at 19.53.26.jpeg>
Package pdftex.def Info: imagenes/WhatsApp Image 2025-12-03 at 19.53.26.jpeg  used on input line 588.
(pdftex.def)             Requested size: 277.20154pt x 108.49919pt.

Overfull \hbox (25.20154pt too wide) in paragraph at lines 588--589
 [][] 
 []


LaTeX Warning: `!h' float specifier changed to `!ht'.


Overfull \hbox (6.66228pt too wide) in paragraph at lines 601--602
 []\T1/cmr/m/it/10 Diagramas de Ny-quist de Orien-ta-ción ($\OML/cmm/m/it/10 ^^^=N[]$\T1/cmr/m/it/10 , $\OML/cmm/m/it/10 ^^R=N[]$\T1/cmr/m/it/10 , $\OML/cmm/m/it/10  =N[]$\T1/cmr/m/it/10 ):.[]
 []

<imagenes/WhatsApp Image 2025-12-03 at 19.53.43.jpeg, id=281, 1140.26pt x 372.39125pt>
File: imagenes/WhatsApp Image 2025-12-03 at 19.53.43.jpeg Graphic file (type jpg)
<use imagenes/WhatsApp Image 2025-12-03 at 19.53.43.jpeg>
Package pdftex.def Info: imagenes/WhatsApp Image 2025-12-03 at 19.53.43.jpeg  used on input line 605.
(pdftex.def)             Requested size: 259.5597pt x 84.76744pt.

Overfull \hbox (7.5597pt too wide) in paragraph at lines 605--606
 [][] 
 []

[7{/usr/share/texmf/fonts/enc/dvips/cm-super/cm-super-ts1.enc} <./imagenes/WhatsApp Image 2025-12-03 at 19.53.08.jpeg> <./imagenes/WhatsApp Image 2025-12-03 at 19.53.26.jpeg> <./imagenes/WhatsApp Image 2025-12-03 at 19.53.43.jpeg>]

Package natbib Warning: Author undefined for citation`ejosat2019' 
(natbib)                on page 8 on input line 629.

<imagenes/grafica PID.png, id=302, 718.93594pt x 497.60907pt>
File: imagenes/grafica PID.png Graphic file (type png)
<use imagenes/grafica PID.png>
Package pdftex.def Info: imagenes/grafica PID.png  used on input line 642.
(pdftex.def)             Requested size: 214.20154pt x 148.25882pt.
<imagenes/bloquesPID.png, id=305, 486.31688pt x 277.035pt>
File: imagenes/bloquesPID.png Graphic file (type png)
<use imagenes/bloquesPID.png>
Package pdftex.def Info: imagenes/bloquesPID.png  used on input line 653.
(pdftex.def)             Requested size: 189.0pt x 107.66277pt.

LaTeX Warning: `!h' float specifier changed to `!ht'.


LaTeX Warning: `!h' float specifier changed to `!ht'.

[8 <./imagenes/grafica PID.png> <./imagenes/bloquesPID.png>]
<imagenes/errores_seguimiento_spiral.png, id=325, 852.786pt x 563.706pt>
File: imagenes/errores_seguimiento_spiral.png Graphic file (type png)
<use imagenes/errores_seguimiento_spiral.png>
Package pdftex.def Info: imagenes/errores_seguimiento_spiral.png  used on input line 722.
(pdftex.def)             Requested size: 201.60077pt x 133.25365pt.
<imagenes/inputs_vs_time_spiral.png, id=327, 561.0561pt x 705.837pt>
File: imagenes/inputs_vs_time_spiral.png Graphic file (type png)
<use imagenes/inputs_vs_time_spiral.png>
Package pdftex.def Info: imagenes/inputs_vs_time_spiral.png  used on input line 733.
(pdftex.def)             Requested size: 201.60077pt x 253.62724pt.
<imagenes/trajectory_xy_spiral.png, id=329, 418.9251pt x 413.3844pt>
File: imagenes/trajectory_xy_spiral.png Graphic file (type png)
<use imagenes/trajectory_xy_spiral.png>
Package pdftex.def Info: imagenes/trajectory_xy_spiral.png  used on input line 744.
(pdftex.def)             Requested size: 201.60077pt x 198.93317pt.
<imagenes/trayectoria3D_spiral.png, id=331, 556.479pt x 563.706pt>
File: imagenes/trayectoria3D_spiral.png Graphic file (type png)
<use imagenes/trayectoria3D_spiral.png>
Package pdftex.def Info: imagenes/trayectoria3D_spiral.png  used on input line 754.
(pdftex.def)             Requested size: 189.0pt x 191.45107pt.
 [9 <./imagenes/errores_seguimiento_spiral.png> <./imagenes/inputs_vs_time_spiral.png> <./imagenes/trajectory_xy_spiral.png>]
<imagenes/angulos_spiral.png, id=343, 852.786pt x 563.706pt>
File: imagenes/angulos_spiral.png Graphic file (type png)
<use imagenes/angulos_spiral.png>
Package pdftex.def Info: imagenes/angulos_spiral.png  used on input line 764.
(pdftex.def)             Requested size: 226.79846pt x 149.91466pt.
<imagenes/errores_seguimiento_circle.png, id=346, 852.786pt x 563.706pt>
File: imagenes/errores_seguimiento_circle.png Graphic file (type png)
<use imagenes/errores_seguimiento_circle.png>
Package pdftex.def Info: imagenes/errores_seguimiento_circle.png  used on input line 777.
(pdftex.def)             Requested size: 201.60077pt x 133.25365pt.
<imagenes/inputs_vs_time_circle.png, id=348, 561.0561pt x 704.6325pt>
File: imagenes/inputs_vs_time_circle.png Graphic file (type png)
<use imagenes/inputs_vs_time_circle.png>
Package pdftex.def Info: imagenes/inputs_vs_time_circle.png  used on input line 787.
(pdftex.def)             Requested size: 201.60077pt x 253.19443pt.
<imagenes/trajectory_xy_circle.png, id=350, 418.9251pt x 413.3844pt>
File: imagenes/trajectory_xy_circle.png Graphic file (type png)
<use imagenes/trajectory_xy_circle.png>
Package pdftex.def Info: imagenes/trajectory_xy_circle.png  used on input line 796.
(pdftex.def)             Requested size: 201.60077pt x 198.93317pt.
 [10 <./imagenes/trayectoria3D_spiral.png> <./imagenes/angulos_spiral.png> <./imagenes/errores_seguimiento_circle.png> <./imagenes/inputs_vs_time_circle.png>]
<imagenes/trayectoria3D_circle.png, id=364, 555.7563pt x 563.706pt>
File: imagenes/trayectoria3D_circle.png Graphic file (type png)
<use imagenes/trayectoria3D_circle.png>
Package pdftex.def Info: imagenes/trayectoria3D_circle.png  used on input line 805.
(pdftex.def)             Requested size: 189.0pt x 191.7005pt.
<imagenes/angulos_circle.png, id=366, 852.786pt x 563.706pt>
File: imagenes/angulos_circle.png Graphic file (type png)
<use imagenes/angulos_circle.png>
Package pdftex.def Info: imagenes/angulos_circle.png  used on input line 814.
(pdftex.def)             Requested size: 201.60077pt x 133.25365pt.
 [11 <./imagenes/trajectory_xy_circle.png> <./imagenes/trayectoria3D_circle.png> <./imagenes/angulos_circle.png>] (./main.bbl) [12

] (./main.aux
LaTeX Info: Redefining \. on input line 17.
LaTeX Info: Redefining \% on input line 17.
)
 ***********
LaTeX2e <2023-11-01> patch level 1
L3 programming layer <2024-01-22>
 ***********
Package rerunfilecheck Info: File `main.out' has not changed.
(rerunfilecheck)             Checksum: 7C9D8EB71F83F084B06DBCFA99D55D50;6135.
 ) 
Here is how much of TeX's memory you used:
 13106 strings out of 474222
 205024 string characters out of 5748734
 1985975 words of memory out of 5000000
 35063 multiletter control sequences out of 15000+600000
 572494 words of font info for 73 fonts, out of 8000000 for 9000
 1141 hyphenation exceptions out of 8191
 75i,15n,79p,1362b,535s stack positions out of 10000i,1000n,20000p,200000b,200000s
</usr/share/texlive/texmf-dist/fonts/type1/public/amsfonts/cm/cmbx10.pfb></usr/share/texlive/texmf-dist/fonts/type1/public/amsfonts/cm/cmbx7.pfb></usr/share/texlive/texmf-dist/fonts/type1/public/amsfonts/cm/cmex10.pfb></usr/share/texlive/texmf-dist/fonts/type1/public/amsfonts/cm/cmmi10.pfb></usr/share/texlive/texmf-dist/fonts/type1/public/amsfonts/cm/cmmi5.pfb></usr/share/texlive/texmf-dist/fonts/type1/public/amsfonts/cm/cmmi6.pfb></usr/share/texlive/texmf-dist/fonts/type1/public/amsfonts/cm/cmmi7.pfb></usr/share/texlive/texmf-dist/fonts/type1/public/amsfonts/cm/cmmi8.pfb></usr/share/texlive/texmf-dist/fonts/type1/public/amsfonts/cm/cmr10.pfb></usr/share/texlive/texmf-dist/fonts/type1/public/amsfonts/cm/cmr5.pfb></usr/share/texlive/texmf-dist/fonts/type1/public/amsfonts/cm/cmr6.pfb></usr/share/texlive/texmf-dist/fonts/type1/public/amsfonts/cm/cmr7.pfb></usr/share/texlive/texmf-dist/fonts/type1/public/amsfonts/cm/cmr8.pfb></usr/share/texlive/texmf-dist/fonts/type1/public/amsfonts/cm/cmsy10.pfb></usr/share/texlive/texmf-dist/fonts/type1/public/amsfonts/cm/cmsy7.pfb></usr/share/texlive/texmf-dist/fonts/type1/public/amsfonts/cm/cmsy8.pfb></usr/share/texmf/fonts/type1/public/cm-super/sfbx1000.pfb></usr/share/texmf/fonts/type1/public/cm-super/sfrm0700.pfb></usr/share/texmf/fonts/type1/public/cm-super/sfrm0800.pfb></usr/share/texmf/fonts/type1/public/cm-super/sfrm1000.pfb></usr/share/texmf/fonts/type1/public/cm-super/sfrm1440.pfb></usr/share/texmf/fonts/type1/public/cm-super/sfti0600.pfb></usr/share/texmf/fonts/type1/public/cm-super/sfti0800.pfb></usr/share/texmf/fonts/type1/public/cm-super/sfti1000.pfb></usr/share/texmf/fonts/type1/public/cm-super/sftt0800.pfb>
Output written on main.pdf (12 pages, 3416848 bytes).
PDF statistics:
 523 PDF objects out of 1000 (max. 8388607)
 417 compressed objects within 5 object streams
 115 named destinations out of 1000 (max. 500000)
 311 words of extra memory for PDF output out of 10000 (max. 10000000)

